2016-03-28T19:46:15.712Z - info: [sitespeed] OS: 'darwin 14.5.0', Node.js: 'v5.8.0', sitespeed.io: '3.11.5', PhantomJS: '2.1.1', java: '1.8.0_45', browsertime: '0.12.2'
2016-03-28T19:46:15.745Z - info: [sitespeed] Will analyze 1 page
2016-03-28T19:46:15.747Z - info: [sitespeed] Running YSlow for http://www.quickenloans.com/mortgage-application/four-steps [phantomjs]
2016-03-28T19:46:46.586Z - info: [sitespeed] Running WebPageTest http://www.quickenloans.com/mortgage-application/four-steps pollResults=10, timeout=600, firstViewOnly=false, runs=3, private=true, aftRenderingTime=true, location=Dulles:Chrome, connectivity=Cable, video=true
2016-03-28T19:46:46.700Z - error: [sitespeed] WebPageTest couldn't fetch info for url http://www.quickenloans.com/mortgage-application/four-steps{ statusCode: 400,
  statusText: 'The test request will exceed the daily test limit for the given API key' }
2016-03-28T19:46:46.700Z - error: [sitespeed] Error running WebPageTest: { statusCode: 400,
  statusText: 'The test request will exceed the daily test limit for the given API key' }
2016-03-28T19:46:46.941Z - info: [sitespeed] Done analyzing urls
2016-03-28T19:46:47.160Z - info: [sitespeed] Sending data to Graphite host:127.0.0.1 port:2003
2016-03-28T19:46:47.162Z - info: [sitespeed] Wrote file assets.html
2016-03-28T19:46:47.162Z - info: [sitespeed] Wrote file pages.html
2016-03-28T19:46:47.163Z - info: [sitespeed] Wrote file hotlist.html
2016-03-28T19:46:47.163Z - info: [sitespeed] Wrote file domains.html
2016-03-28T19:46:47.163Z - info: [sitespeed] Wrote file rules.html
2016-03-28T19:46:47.163Z - info: [sitespeed] Wrote file errors.html
2016-03-28T19:46:47.163Z - info: [sitespeed] Wrote file index.html
2016-03-28T19:46:47.163Z - info: [sitespeed] Wrote file detailed-site-summary.html
2016-03-28T19:46:47.163Z - info: [sitespeed] Wrote file www_quickenloans_com-mortgage-application-four-steps.html
2016-03-28T19:46:47.173Z - info: [sitespeed] Wrote results to /Users/epelkey/work/scripts/sitespeed-result/urls/2016-03-28-15-46-15
2016-03-28T19:46:47.176Z - info: [sitespeed] The analyze took a few seconds (31 seconds)
